<?xml version="1.0" encoding="UTF-8"?>
<!-- Generated by org.testng.reporters.JUnitXMLReporter -->
<testsuite ignored="0" hostname="shellys-MacBook-Air.local" failures="0" tests="4" name="Default test" time="19.055" errors="0" timestamp="2023-11-22T16:35:01 IST">
  <testcase classname="api.testcases.UserTest2" name="testCreateUser" time="4.741"/>
  <testcase classname="api.testcases.UserTest2" name="testGetUser" time="1.947"/>
  <testcase classname="api.testcases.UserTest2" name="testUpdateUser" time="4.068"/>
  <testcase classname="api.testcases.UserTest2" name="testDeleteUser" time="1.859"/>
</testsuite> <!-- Default test -->
