<?xml version="1.0" encoding="UTF-8"?>
<!-- Generated by org.testng.reporters.JUnitXMLReporter -->
<testsuite ignored="0" hostname="shellys-MacBook-Air.local" failures="0" tests="4" name="Test" time="20.017" errors="0" timestamp="2023-11-22T16:12:57 IST">
  <testcase classname="api.testcases.UserTest" name="testCreateUser" time="5.404"/>
  <testcase classname="api.testcases.UserTest" name="testGetUser" time="1.718"/>
  <testcase classname="api.testcases.UserTest" name="testUpdateUser" time="3.672"/>
  <testcase classname="api.testcases.UserTest" name="testDeleteUser" time="1.808"/>
</testsuite> <!-- Test -->
