<?xml version="1.0" encoding="UTF-8"?>
<!-- Generated by org.testng.reporters.JUnitXMLReporter -->
<testsuite ignored="0" hostname="shellys-MacBook-Air.local" failures="0" tests="4" name="Test" time="18.965" errors="0" timestamp="2023-11-23T17:27:23 IST">
  <testcase classname="api.testcases.UserTest" name="testCreateUser" time="5.809"/>
  <testcase classname="api.testcases.UserTest" name="testGetUser" time="1.855"/>
  <testcase classname="api.testcases.UserTest" name="testUpdateUser" time="2.886"/>
  <testcase classname="api.testcases.UserTest" name="testDeleteUser" time="1.281"/>
</testsuite> <!-- Test -->
