<?xml version="1.0" encoding="UTF-8"?>
<testng-results ignored="0" total="4" passed="4" failed="0" skipped="0">
  <reporter-output>
  </reporter-output>
  <suite started-at="2023-11-23T17:26:58 IST" name="Suite" finished-at="2023-11-23T17:27:17 IST" duration-ms="18965">
    <groups>
    </groups>
    <test started-at="2023-11-23T17:26:58 IST" name="Test" finished-at="2023-11-23T17:27:17 IST" duration-ms="18965">
      <class name="api.testcases.UserTest">
        <test-method is-config="true" signature="generateTestData()[pri:0, instance:api.testcases.UserTest@5562c41e]" started-at="2023-11-23T17:26:59 IST" name="generateTestData" finished-at="2023-11-23T17:27:05 IST" duration-ms="6406" status="PASS">
          <reporter-output>
          </reporter-output>
        </test-method> <!-- generateTestData -->
        <test-method signature="testCreateUser()[pri:1, instance:api.testcases.UserTest@5562c41e]" started-at="2023-11-23T17:27:05 IST" name="testCreateUser" finished-at="2023-11-23T17:27:11 IST" duration-ms="5809" status="PASS">
          <reporter-output>
          </reporter-output>
        </test-method> <!-- testCreateUser -->
        <test-method signature="testGetUser()[pri:2, instance:api.testcases.UserTest@5562c41e]" started-at="2023-11-23T17:27:11 IST" name="testGetUser" finished-at="2023-11-23T17:27:13 IST" duration-ms="1855" status="PASS">
          <reporter-output>
          </reporter-output>
        </test-method> <!-- testGetUser -->
        <test-method signature="testUpdateUser()[pri:3, instance:api.testcases.UserTest@5562c41e]" started-at="2023-11-23T17:27:13 IST" name="testUpdateUser" finished-at="2023-11-23T17:27:16 IST" duration-ms="2886" status="PASS">
          <reporter-output>
          </reporter-output>
        </test-method> <!-- testUpdateUser -->
        <test-method signature="testDeleteUser()[pri:4, instance:api.testcases.UserTest@5562c41e]" started-at="2023-11-23T17:27:16 IST" name="testDeleteUser" finished-at="2023-11-23T17:27:17 IST" duration-ms="1281" status="PASS">
          <reporter-output>
          </reporter-output>
        </test-method> <!-- testDeleteUser -->
      </class> <!-- api.testcases.UserTest -->
    </test> <!-- Test -->
  </suite> <!-- Suite -->
</testng-results>
