<?xml version="1.0" encoding="UTF-8"?>
<testng-results ignored="0" total="4" passed="4" failed="0" skipped="0">
  <reporter-output>
  </reporter-output>
  <suite started-at="2023-11-22T16:34:37 IST" name="Default suite" finished-at="2023-11-22T16:34:56 IST" duration-ms="19055">
    <groups>
    </groups>
    <test started-at="2023-11-22T16:34:37 IST" name="Default test" finished-at="2023-11-22T16:34:56 IST" duration-ms="19055">
      <class name="api.testcases.UserTest2">
        <test-method is-config="true" signature="generateTestData()[pri:0, instance:api.testcases.UserTest2@20140db9]" started-at="2023-11-22T16:34:37 IST" name="generateTestData" finished-at="2023-11-22T16:34:43 IST" duration-ms="6360" status="PASS">
          <reporter-output>
          </reporter-output>
        </test-method> <!-- generateTestData -->
        <test-method signature="testCreateUser()[pri:1, instance:api.testcases.UserTest2@20140db9]" started-at="2023-11-22T16:34:43 IST" name="testCreateUser" finished-at="2023-11-22T16:34:48 IST" duration-ms="4741" status="PASS">
          <reporter-output>
          </reporter-output>
        </test-method> <!-- testCreateUser -->
        <test-method signature="testGetUser()[pri:2, instance:api.testcases.UserTest2@20140db9]" started-at="2023-11-22T16:34:48 IST" name="testGetUser" finished-at="2023-11-22T16:34:50 IST" duration-ms="1947" status="PASS">
          <reporter-output>
          </reporter-output>
        </test-method> <!-- testGetUser -->
        <test-method signature="testUpdateUser()[pri:3, instance:api.testcases.UserTest2@20140db9]" started-at="2023-11-22T16:34:50 IST" name="testUpdateUser" finished-at="2023-11-22T16:34:54 IST" duration-ms="4068" status="PASS">
          <reporter-output>
          </reporter-output>
        </test-method> <!-- testUpdateUser -->
        <test-method signature="testDeleteUser()[pri:4, instance:api.testcases.UserTest2@20140db9]" started-at="2023-11-22T16:34:54 IST" name="testDeleteUser" finished-at="2023-11-22T16:34:56 IST" duration-ms="1859" status="PASS">
          <reporter-output>
          </reporter-output>
        </test-method> <!-- testDeleteUser -->
      </class> <!-- api.testcases.UserTest2 -->
    </test> <!-- Default test -->
  </suite> <!-- Default suite -->
</testng-results>
